[2024-09-23T22:22:50.321] [INFO] default - 🚀 Server started on port http://localhost:8080
[2024-09-23T22:22:52.231] [INFO] default - Conectado a MongoDB!
[2024-09-23T22:24:59.194] [INFO] default - POST /news
[2024-09-23T22:26:19.355] [INFO] default - GET /news
[2024-09-23T22:27:30.035] [INFO] default - GET /news/64e3ba36b974d10ee720f25a
[2024-09-23T22:29:03.382] [INFO] default - 🚀 Server started on port http://localhost:8080
[2024-09-23T22:29:05.361] [INFO] default - Conectado a MongoDB!
[2024-09-29T23:28:45.511] [FATAL] default - MongoParseError: Invalid scheme, expected connection string to start with "mongodb://" or "mongodb+srv://"
    at new ConnectionString (D:\Documents\Mati\Programming\BACKEND3\PRACTICES\backend3.8\node_modules\mongodb-connection-string-url\lib\index.js:86:19)
    at parseOptions (D:\Documents\Mati\Programming\BACKEND3\PRACTICES\backend3.8\node_modules\mongodb\lib\connection_string.js:188:17)
    at new MongoClient (D:\Documents\Mati\Programming\BACKEND3\PRACTICES\backend3.8\node_modules\mongodb\lib\mongo_client.js:46:63)
    at D:\Documents\Mati\Programming\BACKEND3\PRACTICES\backend3.8\node_modules\mongoose\lib\connection.js:802:16
    at new Promise (<anonymous>)
    at Connection.openUri (D:\Documents\Mati\Programming\BACKEND3\PRACTICES\backend3.8\node_modules\mongoose\lib\connection.js:799:19)
    at D:\Documents\Mati\Programming\BACKEND3\PRACTICES\backend3.8\node_modules\mongoose\lib\index.js:414:10
    at D:\Documents\Mati\Programming\BACKEND3\PRACTICES\backend3.8\node_modules\mongoose\lib\helpers\promiseOrCallback.js:41:5
    at new Promise (<anonymous>)
    at promiseOrCallback (D:\Documents\Mati\Programming\BACKEND3\PRACTICES\backend3.8\node_modules\mongoose\lib\helpers\promiseOrCallback.js:40:10)
[2024-09-29T23:28:45.516] [INFO] default - 🚀 Server started on port http://localhost:8080
[2024-09-29T23:38:56.499] [INFO] default - 🚀 Server started on port http://localhost:8080
[2024-09-29T23:38:56.538] [INFO] default - Conectado a MongoDB!
